Build started 1/14/2019 1:30:03 PM.
     1>Project "C:\Users\lab\Downloads\SimpleCalc\BisonIntro\BisonIntro.vcxproj" on node 2 (Build target(s)).
     1>InitializeBuildStatus:
         Creating "Debug\BisonIntro.tlog\unsuccessfulbuild" because "AlwaysCreate" was specified.
       BisonTarget:
       Skipping target "BisonTarget" because all output files are up-to-date with respect to the input files.
       FlexTarget:
       Skipping target "FlexTarget" because all output files are up-to-date with respect to the input files.
       ClCompile:
         C:\Program Files (x86)\Microsoft Visual Studio\2017\Enterprise\VC\Tools\MSVC\14.16.27023\bin\HostX86\x86\CL.exe /c /ZI /JMC /nologo /W3 /WX- /diagnostics:classic /Od /Oy- /D WIN32 /D _DEBUG /D _CONSOLE /D _UNICODE /D UNICODE /Gm- /EHsc /RTC1 /MDd /GS /fp:precise /Zc:wchar_t /Zc:forScope /Zc:inline /Fo"Debug\\" /Fd"Debug\vc141.pdb" /Gd /TP /analyze- /FC /errorReport:prompt Tree.cpp
         Tree.cpp
     1>c:\users\lab\downloads\simplecalc\bisonintro\tree.cpp(50): warning C4996: 'strdup': The POSIX name for this item is deprecated. Instead, use the ISO C and C++ conformant name: _strdup. See online help for details.
         c:\program files (x86)\windows kits\10\include\10.0.16299.0\ucrt\string.h(538): note: see declaration of 'strdup'
     1>c:\users\lab\downloads\simplecalc\bisonintro\tree.cpp(58): warning C4996: 'strcpy': This function or variable may be unsafe. Consider using strcpy_s instead. To disable deprecation, use _CRT_SECURE_NO_WARNINGS. See online help for details.
         c:\program files (x86)\windows kits\10\include\10.0.16299.0\ucrt\string.h(132): note: see declaration of 'strcpy'
     1>c:\users\lab\downloads\simplecalc\bisonintro\tree.cpp(59): warning C4996: 'strcat': This function or variable may be unsafe. Consider using strcat_s instead. To disable deprecation, use _CRT_SECURE_NO_WARNINGS. See online help for details.
         c:\program files (x86)\windows kits\10\include\10.0.16299.0\ucrt\string.h(89): note: see declaration of 'strcat'
     1>c:\users\lab\downloads\simplecalc\bisonintro\tree.cpp(60): warning C4996: 'itoa': The POSIX name for this item is deprecated. Instead, use the ISO C and C++ conformant name: _itoa. See online help for details.
         c:\program files (x86)\windows kits\10\include\10.0.16299.0\ucrt\stdlib.h(1334): note: see declaration of 'itoa'
     1>c:\users\lab\downloads\simplecalc\bisonintro\tree.cpp(61): warning C4996: 'strcat': This function or variable may be unsafe. Consider using strcat_s instead. To disable deprecation, use _CRT_SECURE_NO_WARNINGS. See online help for details.
         c:\program files (x86)\windows kits\10\include\10.0.16299.0\ucrt\string.h(89): note: see declaration of 'strcat'
     1>c:\users\lab\downloads\simplecalc\bisonintro\tree.cpp(235): warning C4715: 'eval': not all control paths return a value
       Link:
         C:\Program Files (x86)\Microsoft Visual Studio\2017\Enterprise\VC\Tools\MSVC\14.16.27023\bin\HostX86\x86\link.exe /ERRORREPORT:PROMPT /OUT:"C:\Users\lab\Downloads\SimpleCalc\BisonIntro\Debug\BisonIntro.exe" /INCREMENTAL /NOLOGO kernel32.lib user32.lib gdi32.lib winspool.lib comdlg32.lib advapi32.lib shell32.lib ole32.lib oleaut32.lib uuid.lib odbc32.lib odbccp32.lib /MANIFEST /MANIFESTUAC:"level='asInvoker' uiAccess='false'" /manifest:embed /DEBUG:FASTLINK /PDB:"C:\Users\lab\Downloads\SimpleCalc\BisonIntro\Debug\BisonIntro.pdb" /SUBSYSTEM:CONSOLE /TLBID:1 /DYNAMICBASE /NXCOMPAT /IMPLIB:"C:\Users\lab\Downloads\SimpleCalc\BisonIntro\Debug\BisonIntro.lib" /MACHINE:X86 Debug\BisonIntro.obj
         Debug\demo.flex.obj
         Debug\demo.tab.obj
         Debug\Tree.obj
         BisonIntro.vcxproj -> C:\Users\lab\Downloads\SimpleCalc\BisonIntro\Debug\BisonIntro.exe
       FinalizeBuildStatus:
         Deleting file "Debug\BisonIntro.tlog\unsuccessfulbuild".
         Touching "Debug\BisonIntro.tlog\BisonIntro.lastbuildstate".
     1>Done Building Project "C:\Users\lab\Downloads\SimpleCalc\BisonIntro\BisonIntro.vcxproj" (Build target(s)).

Build succeeded.

       "C:\Users\lab\Downloads\SimpleCalc\BisonIntro\BisonIntro.vcxproj" (Build target) (1) ->
       (ClCompile target) -> 
         c:\users\lab\downloads\simplecalc\bisonintro\tree.cpp(50): warning C4996: 'strdup': The POSIX name for this item is deprecated. Instead, use the ISO C and C++ conformant name: _strdup. See online help for details.
         c:\users\lab\downloads\simplecalc\bisonintro\tree.cpp(58): warning C4996: 'strcpy': This function or variable may be unsafe. Consider using strcpy_s instead. To disable deprecation, use _CRT_SECURE_NO_WARNINGS. See online help for details.
         c:\users\lab\downloads\simplecalc\bisonintro\tree.cpp(59): warning C4996: 'strcat': This function or variable may be unsafe. Consider using strcat_s instead. To disable deprecation, use _CRT_SECURE_NO_WARNINGS. See online help for details.
         c:\users\lab\downloads\simplecalc\bisonintro\tree.cpp(60): warning C4996: 'itoa': The POSIX name for this item is deprecated. Instead, use the ISO C and C++ conformant name: _itoa. See online help for details.
         c:\users\lab\downloads\simplecalc\bisonintro\tree.cpp(61): warning C4996: 'strcat': This function or variable may be unsafe. Consider using strcat_s instead. To disable deprecation, use _CRT_SECURE_NO_WARNINGS. See online help for details.
         c:\users\lab\downloads\simplecalc\bisonintro\tree.cpp(235): warning C4715: 'eval': not all control paths return a value

    6 Warning(s)
    0 Error(s)

Time Elapsed 00:00:01.35
